{"meta": {"format": 3, "version": "7.13.5", "timestamp": "2026-06-06T22:03:40.766719", "branch_coverage": false, "show_contexts": false}, "files": {"src/__init__.py": {"executed_lines": [], "summary": {"covered_lines": 0, "num_statements": 0, "percent_covered": 100.0, "percent_covered_display": "100", "missing_lines": 0, "excluded_lines": 0, "percent_statements_covered": 100.0, "percent_statements_covered_display": "100"}, "missing_lines": [], "excluded_lines": [], "functions": {"": {"executed_lines": [], "summary": {"covered_lines": 0, "num_statements": 0, "percent_covered": 100.0, "percent_covered_display": "100", "missing_lines": 0, "excluded_lines": 0, "percent_statements_covered": 100.0, "percent_statements_covered_display": "100"}, "missing_lines": [], "excluded_lines": [], "start_line": 1}}, "classes": {"": {"executed_lines": [], "summary": {"covered_lines": 0, "num_statements": 0, "percent_covered": 100.0, "percent_covered_display": "100", "missing_lines": 0, "excluded_lines": 0, "percent_statements_covered": 100.0, "percent_statements_covered_display": "100"}, "missing_lines": [], "excluded_lines": [], "start_line": 1}}}, "src/server.py": {"executed_lines": [], "summary": {"covered_lines": 0, "num_statements": 141, "percent_covered": 0.0, "percent_covered_display": "0", "missing_lines": 141, "excluded_lines": 0, "percent_statements_covered": 0.0, "percent_statements_covered_display": "0"}, "missing_lines": [14, 15, 16, 18, 20, 22, 23, 24, 27, 28, 29, 30, 33, 34, 55, 56, 57, 58, 60, 68, 90, 91, 93, 96, 107, 108, 110, 112, 113, 114, 115, 116, 117, 119, 120, 121, 122, 123, 125, 127, 128, 130, 133, 134, 147, 149, 151, 168, 169, 170, 171, 173, 176, 179, 182, 184, 185, 186, 187, 189, 191, 193, 194, 196, 199, 200, 217, 219, 221, 222, 228, 229, 237, 239, 240, 242, 243, 245, 248, 249, 264, 265, 266, 271, 276, 277, 278, 279, 281, 287, 289, 290, 292, 295, 296, 309, 310, 312, 321, 322, 324, 326, 328, 329, 331, 334, 335, 348, 349, 350, 352, 353, 355, 357, 358, 360, 363, 364, 377, 378, 379, 381, 382, 384, 386, 387, 389, 392, 393, 395, 396, 397, 404, 407, 408, 410, 411, 412, 418, 421, 422], "excluded_lines": [], "functions": {"sin_security_full_scan": {"executed_lines": [], "summary": {"covered_lines": 0, "num_statements": 28, "percent_covered": 0.0, "percent_covered_display": "0", "missing_lines": 28, "excluded_lines": 0, "percent_statements_covered": 0.0, "percent_statements_covered_display": "0"}, "missing_lines": [55, 56, 57, 58, 60, 68, 90, 91, 93, 96, 107, 108, 110, 112, 113, 114, 115, 116, 117, 119, 120, 121, 122, 123, 125, 127, 128, 130], "excluded_lines": [], "start_line": 34}, "sin_security_blast_radius": {"executed_lines": [], "summary": {"covered_lines": 0, "num_statements": 20, "percent_covered": 0.0, "percent_covered_display": "0", "missing_lines": 20, "excluded_lines": 0, "percent_statements_covered": 0.0, "percent_statements_covered_display": "0"}, "missing_lines": [147, 149, 151, 168, 169, 170, 171, 173, 176, 179, 182, 184, 185, 186, 187, 189, 191, 193, 194, 196], "excluded_lines": [], "start_line": 134}, "sin_security_remediation_plan": {"executed_lines": [], "summary": {"covered_lines": 0, "num_statements": 12, "percent_covered": 0.0, "percent_covered_display": "0", "missing_lines": 12, "excluded_lines": 0, "percent_statements_covered": 0.0, "percent_statements_covered_display": "0"}, "missing_lines": [217, 219, 221, 222, 228, 229, 237, 239, 240, 242, 243, 245], "excluded_lines": [], "start_line": 200}, "sin_security_compliance_report": {"executed_lines": [], "summary": {"covered_lines": 0, "num_statements": 13, "percent_covered": 0.0, "percent_covered_display": "0", "missing_lines": 13, "excluded_lines": 0, "percent_statements_covered": 0.0, "percent_statements_covered_display": "0"}, "missing_lines": [264, 265, 266, 271, 276, 277, 278, 279, 281, 287, 289, 290, 292], "excluded_lines": [], "start_line": 249}, "sin_security_executive_summary": {"executed_lines": [], "summary": {"covered_lines": 0, "num_statements": 10, "percent_covered": 0.0, "percent_covered_display": "0", "missing_lines": 10, "excluded_lines": 0, "percent_statements_covered": 0.0, "percent_statements_covered_display": "0"}, "missing_lines": [309, 310, 312, 321, 322, 324, 326, 328, 329, 331], "excluded_lines": [], "start_line": 296}, "sin_security_technical_report": {"executed_lines": [], "summary": {"covered_lines": 0, "num_statements": 9, "percent_covered": 0.0, "percent_covered_display": "0", "missing_lines": 9, "excluded_lines": 0, "percent_statements_covered": 0.0, "percent_statements_covered_display": "0"}, "missing_lines": [348, 349, 350, 352, 353, 355, 357, 358, 360], "excluded_lines": [], "start_line": 335}, "sin_security_html_dashboard": {"executed_lines": [], "summary": {"covered_lines": 0, "num_statements": 9, "percent_covered": 0.0, "percent_covered_display": "0", "missing_lines": 9, "excluded_lines": 0, "percent_statements_covered": 0.0, "percent_statements_covered_display": "0"}, "missing_lines": [377, 378, 379, 381, 382, 384, 386, 387, 389], "excluded_lines": [], "start_line": 364}, "sin_security_list_tools": {"executed_lines": [], "summary": {"covered_lines": 0, "num_statements": 4, "percent_covered": 0.0, "percent_covered_display": "0", "missing_lines": 4, "excluded_lines": 0, "percent_statements_covered": 0.0, "percent_statements_covered_display": "0"}, "missing_lines": [395, 396, 397, 404], "excluded_lines": [], "start_line": 393}, "sin_security_list_compliance_frameworks": {"executed_lines": [], "summary": {"covered_lines": 0, "num_statements": 4, "percent_covered": 0.0, "percent_covered_display": "0", "missing_lines": 4, "excluded_lines": 0, "percent_statements_covered": 0.0, "percent_statements_covered_display": "0"}, "missing_lines": [410, 411, 412, 418], "excluded_lines": [], "start_line": 408}, "": {"executed_lines": [], "summary": {"covered_lines": 0, "num_statements": 32, "percent_covered": 0.0, "percent_covered_display": "0", "missing_lines": 32, "excluded_lines": 0, "percent_statements_covered": 0.0, "percent_statements_covered_display": "0"}, "missing_lines": [14, 15, 16, 18, 20, 22, 23, 24, 27, 28, 29, 30, 33, 34, 133, 134, 199, 200, 248, 249, 295, 296, 334, 335, 363, 364, 392, 393, 407, 408, 421, 422], "excluded_lines": [], "start_line": 1}}, "classes": {"": {"executed_lines": [], "summary": {"covered_lines": 0, "num_statements": 141, "percent_covered": 0.0, "percent_covered_display": "0", "missing_lines": 141, "excluded_lines": 0, "percent_statements_covered": 0.0, "percent_statements_covered_display": "0"}, "missing_lines": [14, 15, 16, 18, 20, 22, 23, 24, 27, 28, 29, 30, 33, 34, 55, 56, 57, 58, 60, 68, 90, 91, 93, 96, 107, 108, 110, 112, 113, 114, 115, 116, 117, 119, 120, 121, 122, 123, 125, 127, 128, 130, 133, 134, 147, 149, 151, 168, 169, 170, 171, 173, 176, 179, 182, 184, 185, 186, 187, 189, 191, 193, 194, 196, 199, 200, 217, 219, 221, 222, 228, 229, 237, 239, 240, 242, 243, 245, 248, 249, 264, 265, 266, 271, 276, 277, 278, 279, 281, 287, 289, 290, 292, 295, 296, 309, 310, 312, 321, 322, 324, 326, 328, 329, 331, 334, 335, 348, 349, 350, 352, 353, 355, 357, 358, 360, 363, 364, 377, 378, 379, 381, 382, 384, 386, 387, 389, 392, 393, 395, 396, 397, 404, 407, 408, 410, 411, 412, 418, 421, 422], "excluded_lines": [], "start_line": 1}}}, "src/tools/__init__.py": {"executed_lines": [], "summary": {"covered_lines": 0, "num_statements": 0, "percent_covered": 100.0, "percent_covered_display": "100", "missing_lines": 0, "excluded_lines": 0, "percent_statements_covered": 100.0, "percent_statements_covered_display": "100"}, "missing_lines": [], "excluded_lines": [], "functions": {"": {"executed_lines": [], "summary": {"covered_lines": 0, "num_statements": 0, "percent_covered": 100.0, "percent_covered_display": "100", "missing_lines": 0, "excluded_lines": 0, "percent_statements_covered": 100.0, "percent_statements_covered_display": "100"}, "missing_lines": [], "excluded_lines": [], "start_line": 1}}, "classes": {"": {"executed_lines": [], "summary": {"covered_lines": 0, "num_statements": 0, "percent_covered": 100.0, "percent_covered_display": "100", "missing_lines": 0, "excluded_lines": 0, "percent_statements_covered": 100.0, "percent_statements_covered_display": "100"}, "missing_lines": [], "excluded_lines": [], "start_line": 1}}}, "src/tools/bundle_scanner.py": {"executed_lines": [13, 14, 15, 16, 17, 18, 21, 25, 26, 27, 28, 29, 32, 36, 37, 38, 39, 40, 41, 42, 43, 46, 58, 97, 108, 114, 115, 117, 120, 126, 127, 128, 132, 153, 154, 156, 157, 158, 159, 161, 162, 165, 171, 177, 183, 189, 193, 202, 205, 208, 213, 215, 217, 229, 231, 232, 233, 234, 235, 236, 238, 240, 280, 325, 395, 473, 560, 618, 643, 645, 646, 648, 649, 651, 652, 653, 655, 658, 661, 662, 663, 665, 666, 667, 669, 670, 671, 672, 676, 678, 681, 683, 689, 690, 692, 693, 694, 695, 697, 699, 705, 707, 708, 714, 715, 716, 717, 718, 721, 722, 724, 726, 733, 735, 737, 738, 741, 742, 744, 745, 747, 748, 756, 759, 762, 763, 765, 767, 769, 770, 771, 783, 787, 789], "summary": {"covered_lines": 134, "num_statements": 326, "percent_covered": 41.104294478527606, "percent_covered_display": "41", "missing_lines": 192, "excluded_lines": 0, "percent_statements_covered": 41.104294478527606, "percent_statements_covered_display": "41"}, "missing_lines": [130, 166, 167, 168, 172, 173, 174, 178, 179, 180, 184, 185, 186, 190, 191, 192, 194, 195, 242, 244, 246, 253, 254, 255, 256, 257, 259, 260, 261, 262, 263, 265, 272, 273, 274, 275, 278, 282, 285, 286, 287, 288, 289, 290, 291, 292, 293, 295, 296, 304, 327, 328, 331, 334, 335, 342, 344, 345, 352, 353, 354, 355, 357, 358, 359, 360, 361, 362, 364, 365, 366, 367, 368, 370, 376, 377, 378, 379, 382, 397, 398, 401, 402, 404, 406, 407, 414, 416, 423, 424, 425, 426, 427, 429, 431, 441, 442, 443, 444, 445, 447, 453, 454, 455, 456, 459, 475, 476, 479, 485, 486, 493, 495, 502, 503, 504, 507, 515, 516, 517, 518, 519, 520, 521, 522, 523, 524, 525, 527, 529, 530, 531, 532, 533, 535, 541, 542, 543, 544, 547, 562, 564, 566, 574, 575, 577, 578, 579, 580, 581, 582, 583, 585, 586, 588, 593, 594, 596, 597, 598, 599, 600, 602, 610, 611, 620, 621, 622, 624, 632, 634, 635, 636, 637, 638, 639, 640, 641, 656, 674, 679, 709, 772, 773, 774, 775, 776, 777, 778, 779, 781, 785], "excluded_lines": [], "functions": {"BundleScanner.__init__": {"executed_lines": [114, 115], "summary": {"covered_lines": 2, "num_statements": 2, "percent_covered": 100.0, "percent_covered_display": "100", "missing_lines": 0, "excluded_lines": 0, "percent_statements_covered": 100.0, "percent_statements_covered_display": "100"}, "missing_lines": [], "excluded_lines": [], "start_line": 108}, "BundleScanner._find_tools_base": {"executed_lines": [120, 126, 127, 128], "summary": {"covered_lines": 4, "num_statements": 5, "percent_covered": 80.0, "percent_covered_display": "80", "missing_lines": 1, "excluded_lines": 0, "percent_statements_covered": 80.0, "percent_statements_covered_display": "80"}, "missing_lines": [130], "excluded_lines": [], "start_line": 117}, "BundleScanner.full_scan": {"executed_lines": [153, 154, 156, 157, 158, 159, 161, 162, 165, 171, 177, 183, 189, 193, 202, 205, 208, 213, 215, 217, 229, 231, 232, 233, 234, 235, 236, 238], "summary": {"covered_lines": 28, "num_statements": 45, "percent_covered": 62.22222222222222, "percent_covered_display": "62", "missing_lines": 17, "excluded_lines": 0, "percent_statements_covered": 62.22222222222222, "percent_statements_covered_display": "62"}, "missing_lines": [166, 167, 168, 172, 173, 174, 178, 179, 180, 184, 185, 186, 190, 191, 192, 194, 195], "excluded_lines": [], "start_line": 132}, "BundleScanner._run_sca_scan": {"executed_lines": [], "summary": {"covered_lines": 0, "num_statements": 19, "percent_covered": 0.0, "percent_covered_display": "0", "missing_lines": 19, "excluded_lines": 0, "percent_statements_covered": 0.0, "percent_statements_covered_display": "0"}, "missing_lines": [242, 244, 246, 253, 254, 255, 256, 257, 259, 260, 261, 262, 263, 265, 272, 273, 274, 275, 278], "excluded_lines": [], "start_line": 240}, "BundleScanner._fallback_sca_scan": {"executed_lines": [], "summary": {"covered_lines": 0, "num_statements": 13, "percent_covered": 0.0, "percent_covered_display": "0", "missing_lines": 13, "excluded_lines": 0, "percent_statements_covered": 0.0, "percent_statements_covered_display": "0"}, "missing_lines": [282, 285, 286, 287, 288, 289, 290, 291, 292, 293, 295, 296, 304], "excluded_lines": [], "start_line": 280}, "BundleScanner._run_container_scan": {"executed_lines": [], "summary": {"covered_lines": 0, "num_statements": 29, "percent_covered": 0.0, "percent_covered_display": "0", "missing_lines": 29, "excluded_lines": 0, "percent_statements_covered": 0.0, "percent_statements_covered_display": "0"}, "missing_lines": [327, 328, 331, 334, 335, 342, 344, 345, 352, 353, 354, 355, 357, 358, 359, 360, 361, 362, 364, 365, 366, 367, 368, 370, 376, 377, 378, 379, 382], "excluded_lines": [], "start_line": 325}, "BundleScanner._run_iac_scan": {"executed_lines": [], "summary": {"covered_lines": 0, "num_statements": 27, "percent_covered": 0.0, "percent_covered_display": "0", "missing_lines": 27, "excluded_lines": 0, "percent_statements_covered": 0.0, "percent_statements_covered_display": "0"}, "missing_lines": [397, 398, 401, 402, 404, 406, 407, 414, 416, 423, 424, 425, 426, 427, 429, 431, 441, 442, 443, 444, 445, 447, 453, 454, 455, 456, 459], "excluded_lines": [], "start_line": 395}, "BundleScanner._run_license_scan": {"executed_lines": [], "summary": {"covered_lines": 0, "num_statements": 34, "percent_covered": 0.0, "percent_covered_display": "0", "missing_lines": 34, "excluded_lines": 0, "percent_statements_covered": 0.0, "percent_statements_covered_display": "0"}, "missing_lines": [475, 476, 479, 485, 486, 493, 495, 502, 503, 504, 507, 515, 516, 517, 518, 519, 520, 521, 522, 523, 524, 525, 527, 529, 530, 531, 532, 533, 535, 541, 542, 543, 544, 547], "excluded_lines": [], "start_line": 473}, "BundleScanner._run_dast_scan": {"executed_lines": [], "summary": {"covered_lines": 0, "num_statements": 25, "percent_covered": 0.0, "percent_covered_display": "0", "missing_lines": 25, "excluded_lines": 0, "percent_statements_covered": 0.0, "percent_statements_covered_display": "0"}, "missing_lines": [562, 564, 566, 574, 575, 577, 578, 579, 580, 581, 582, 583, 585, 586, 588, 593, 594, 596, 597, 598, 599, 600, 602, 610, 611], "excluded_lines": [], "start_line": 560}, "BundleScanner._print_tool_summary": {"executed_lines": [], "summary": {"covered_lines": 0, "num_statements": 13, "percent_covered": 0.0, "percent_covered_display": "0", "missing_lines": 13, "excluded_lines": 0, "percent_statements_covered": 0.0, "percent_statements_covered_display": "0"}, "missing_lines": [620, 621, 622, 624, 632, 634, 635, 636, 637, 638, 639, 640, 641], "excluded_lines": [], "start_line": 618}, "BundleScanner._calculate_overall_score": {"executed_lines": [645, 646, 648, 649, 651, 652, 653, 655, 658, 661, 662, 663, 665, 666, 667, 669, 670, 671, 672, 676, 678, 681], "summary": {"covered_lines": 22, "num_statements": 25, "percent_covered": 88.0, "percent_covered_display": "88", "missing_lines": 3, "excluded_lines": 0, "percent_statements_covered": 88.0, "percent_statements_covered_display": "88"}, "missing_lines": [656, 674, 679], "excluded_lines": [], "start_line": 643}, "BundleScanner._determine_overall_status": {"executed_lines": [689, 690, 692, 693, 694, 695, 697], "summary": {"covered_lines": 7, "num_statements": 7, "percent_covered": 100.0, "percent_covered_display": "100", "missing_lines": 0, "excluded_lines": 0, "percent_statements_covered": 100.0, "percent_statements_covered_display": "100"}, "missing_lines": [], "excluded_lines": [], "start_line": 683}, "BundleScanner._calculate_compliance_scores": {"executed_lines": [705, 707, 708, 714, 715, 716, 717, 718, 721, 722, 724, 726, 733], "summary": {"covered_lines": 13, "num_statements": 14, "percent_covered": 92.85714285714286, "percent_covered_display": "93", "missing_lines": 1, "excluded_lines": 0, "percent_statements_covered": 92.85714285714286, "percent_statements_covered_display": "93"}, "missing_lines": [709], "excluded_lines": [], "start_line": 699}, "BundleScanner._generate_top_fixes": {"executed_lines": [737, 738, 741, 742, 744, 745, 747, 748, 756, 759, 762, 763, 765], "summary": {"covered_lines": 13, "num_statements": 13, "percent_covered": 100.0, "percent_covered_display": "100", "missing_lines": 0, "excluded_lines": 0, "percent_statements_covered": 100.0, "percent_statements_covered_display": "100"}, "missing_lines": [], "excluded_lines": [], "start_line": 735}, "BundleScanner._generate_fix_action": {"executed_lines": [769, 770, 771], "summary": {"covered_lines": 3, "num_statements": 12, "percent_covered": 25.0, "percent_covered_display": "25", "missing_lines": 9, "excluded_lines": 0, "percent_statements_covered": 25.0, "percent_statements_covered_display": "25"}, "missing_lines": [772, 773, 774, 775, 776, 777, 778, 779, 781], "excluded_lines": [], "start_line": 767}, "BundleScanner.get_cached_results": {"executed_lines": [], "summary": {"covered_lines": 0, "num_statements": 1, "percent_covered": 0.0, "percent_covered_display": "0", "missing_lines": 1, "excluded_lines": 0, "percent_statements_covered": 0.0, "percent_statements_covered_display": "0"}, "missing_lines": [785], "excluded_lines": [], "start_line": 783}, "BundleScanner.close": {"executed_lines": [789], "summary": {"covered_lines": 1, "num_statements": 1, "percent_covered": 100.0, "percent_covered_display": "100", "missing_lines": 0, "excluded_lines": 0, "percent_statements_covered": 100.0, "percent_statements_covered_display": "100"}, "missing_lines": [], "excluded_lines": [], "start_line": 787}, "": {"executed_lines": [13, 14, 15, 16, 17, 18, 21, 25, 26, 27, 28, 29, 32, 36, 37, 38, 39, 40, 41, 42, 43, 46, 58, 97, 108, 117, 132, 240, 280, 325, 395, 473, 560, 618, 643, 683, 699, 735, 767, 783, 787], "summary": {"covered_lines": 41, "num_statements": 41, "percent_covered": 100.0, "percent_covered_display": "100", "missing_lines": 0, "excluded_lines": 0, "percent_statements_covered": 100.0, "percent_statements_covered_display": "100"}, "missing_lines": [], "excluded_lines": [], "start_line": 1}}, "classes": {"ToolResult": {"executed_lines": [], "summary": {"covered_lines": 0, "num_statements": 0, "percent_covered": 100.0, "percent_covered_display": "100", "missing_lines": 0, "excluded_lines": 0, "percent_statements_covered": 100.0, "percent_statements_covered_display": "100"}, "missing_lines": [], "excluded_lines": [], "start_line": 21}, "BundleScanResult": {"executed_lines": [], "summary": {"covered_lines": 0, "num_statements": 0, "percent_covered": 100.0, "percent_covered_display": "100", "missing_lines": 0, "excluded_lines": 0, "percent_statements_covered": 100.0, "percent_statements_covered_display": "100"}, "missing_lines": [], "excluded_lines": [], "start_line": 32}, "BundleScanner": {"executed_lines": [114, 115, 120, 126, 127, 128, 153, 154, 156, 157, 158, 159, 161, 162, 165, 171, 177, 183, 189, 193, 202, 205, 208, 213, 215, 217, 229, 231, 232, 233, 234, 235, 236, 238, 645, 646, 648, 649, 651, 652, 653, 655, 658, 661, 662, 663, 665, 666, 667, 669, 670, 671, 672, 676, 678, 681, 689, 690, 692, 693, 694, 695, 697, 705, 707, 708, 714, 715, 716, 717, 718, 721, 722, 724, 726, 733, 737, 738, 741, 742, 744, 745, 747, 748, 756, 759, 762, 763, 765, 769, 770, 771, 789], "summary": {"covered_lines": 93, "num_statements": 285, "percent_covered": 32.63157894736842, "percent_covered_display": "33", "missing_lines": 192, "excluded_lines": 0, "percent_statements_covered": 32.63157894736842, "percent_statements_covered_display": "33"}, "missing_lines": [130, 166, 167, 168, 172, 173, 174, 178, 179, 180, 184, 185, 186, 190, 191, 192, 194, 195, 242, 244, 246, 253, 254, 255, 256, 257, 259, 260, 261, 262, 263, 265, 272, 273, 274, 275, 278, 282, 285, 286, 287, 288, 289, 290, 291, 292, 293, 295, 296, 304, 327, 328, 331, 334, 335, 342, 344, 345, 352, 353, 354, 355, 357, 358, 359, 360, 361, 362, 364, 365, 366, 367, 368, 370, 376, 377, 378, 379, 382, 397, 398, 401, 402, 404, 406, 407, 414, 416, 423, 424, 425, 426, 427, 429, 431, 441, 442, 443, 444, 445, 447, 453, 454, 455, 456, 459, 475, 476, 479, 485, 486, 493, 495, 502, 503, 504, 507, 515, 516, 517, 518, 519, 520, 521, 522, 523, 524, 525, 527, 529, 530, 531, 532, 533, 535, 541, 542, 543, 544, 547, 562, 564, 566, 574, 575, 577, 578, 579, 580, 581, 582, 583, 585, 586, 588, 593, 594, 596, 597, 598, 599, 600, 602, 610, 611, 620, 621, 622, 624, 632, 634, 635, 636, 637, 638, 639, 640, 641, 656, 674, 679, 709, 772, 773, 774, 775, 776, 777, 778, 779, 781, 785], "excluded_lines": [], "start_line": 46}, "": {"executed_lines": [13, 14, 15, 16, 17, 18, 21, 25, 26, 27, 28, 29, 32, 36, 37, 38, 39, 40, 41, 42, 43, 46, 58, 97, 108, 117, 132, 240, 280, 325, 395, 473, 560, 618, 643, 683, 699, 735, 767, 783, 787], "summary": {"covered_lines": 41, "num_statements": 41, "percent_covered": 100.0, "percent_covered_display": "100", "missing_lines": 0, "excluded_lines": 0, "percent_statements_covered": 100.0, "percent_statements_covered_display": "100"}, "missing_lines": [], "excluded_lines": [], "start_line": 1}}}, "src/tools/compliance_dashboard.py": {"executed_lines": [12, 13, 14, 15, 16, 18, 19, 20, 25, 28, 29, 30, 31, 32, 33, 34, 37, 47, 48, 52, 53, 60, 75, 82, 86, 92, 108, 115, 116, 124, 125, 131, 134, 135, 142, 143, 144, 145, 146, 148, 150, 153, 154, 159, 160, 161, 166, 169, 174, 175, 176, 177, 179, 181, 189, 191, 206, 211, 224, 225, 228, 236, 238, 246, 247, 248, 249, 250, 251, 252, 254, 255, 256, 258, 259, 260, 262, 266, 268, 279, 296, 317, 324, 326, 337, 338, 339, 341, 342, 345, 348, 446, 447, 449, 472, 477, 506, 524, 530, 532, 538], "summary": {"covered_lines": 101, "num_statements": 135, "percent_covered": 74.81481481481481, "percent_covered_display": "75", "missing_lines": 34, "excluded_lines": 0, "percent_statements_covered": 74.81481481481481, "percent_statements_covered_display": "75"}, "missing_lines": [21, 22, 58, 226, 263, 264, 269, 280, 285, 286, 297, 304, 305, 340, 478, 491, 492, 500, 507, 511, 512, 513, 520, 534, 535, 536, 540, 541, 542, 543, 544, 545, 547, 548], "excluded_lines": [], "functions": {"ComplianceDashboard.__init__": {"executed_lines": [48, 52, 53], "summary": {"covered_lines": 3, "num_statements": 4, "percent_covered": 75.0, "percent_covered_display": "75", "missing_lines": 1, "excluded_lines": 0, "percent_statements_covered": 75.0, "percent_statements_covered_display": "75"}, "missing_lines": [58], "excluded_lines": [], "start_line": 47}, "ComplianceDashboard.generate_executive_summary": {"executed_lines": [75, 82, 86, 92, 108, 115, 116, 124, 125, 131, 134, 135, 142, 143, 144, 145, 146, 148, 150, 153, 154, 159, 160, 161, 166, 169, 174, 175, 176, 177, 179, 181, 189], "summary": {"covered_lines": 33, "num_statements": 33, "percent_covered": 100.0, "percent_covered_display": "100", "missing_lines": 0, "excluded_lines": 0, "percent_statements_covered": 100.0, "percent_statements_covered_display": "100"}, "missing_lines": [], "excluded_lines": [], "start_line": 60}, "ComplianceDashboard.generate_technical_report": {"executed_lines": [206, 211, 224, 225, 228, 236, 238, 246, 247, 248, 249, 250, 251, 252, 254, 255, 256, 258, 259, 260, 262, 266, 268, 279, 296, 317, 324], "summary": {"covered_lines": 27, "num_statements": 37, "percent_covered": 72.97297297297297, "percent_covered_display": "73", "missing_lines": 10, "excluded_lines": 0, "percent_statements_covered": 72.97297297297297, "percent_statements_covered_display": "73"}, "missing_lines": [226, 263, 264, 269, 280, 285, 286, 297, 304, 305], "excluded_lines": [], "start_line": 191}, "ComplianceDashboard.generate_html_dashboard": {"executed_lines": [337, 338, 339, 341, 342, 345, 348, 446, 447, 449, 472, 477, 506, 524, 530], "summary": {"covered_lines": 15, "num_statements": 25, "percent_covered": 60.0, "percent_covered_display": "60", "missing_lines": 10, "excluded_lines": 0, "percent_statements_covered": 60.0, "percent_statements_covered_display": "60"}, "missing_lines": [340, 478, 491, 492, 500, 507, 511, 512, 513, 520], "excluded_lines": [], "start_line": 326}, "ComplianceDashboard.save_report": {"executed_lines": [], "summary": {"covered_lines": 0, "num_statements": 3, "percent_covered": 0.0, "percent_covered_display": "0", "missing_lines": 3, "excluded_lines": 0, "percent_statements_covered": 0.0, "percent_statements_covered_display": "0"}, "missing_lines": [534, 535, 536], "excluded_lines": [], "start_line": 532}, "ComplianceDashboard.generate_pdf_report": {"executed_lines": [], "summary": {"covered_lines": 0, "num_statements": 8, "percent_covered": 0.0, "percent_covered_display": "0", "missing_lines": 8, "excluded_lines": 0, "percent_statements_covered": 0.0, "percent_statements_covered_display": "0"}, "missing_lines": [540, 541, 542, 543, 544, 545, 547, 548], "excluded_lines": [], "start_line": 538}, "": {"executed_lines": [12, 13, 14, 15, 16, 18, 19, 20, 25, 28, 29, 30, 31, 32, 33, 34, 37, 47, 60, 191, 326, 532, 538], "summary": {"covered_lines": 23, "num_statements": 25, "percent_covered": 92.0, "percent_covered_display": "92", "missing_lines": 2, "excluded_lines": 0, "percent_statements_covered": 92.0, "percent_statements_covered_display": "92"}, "missing_lines": [21, 22], "excluded_lines": [], "start_line": 1}}, "classes": {"ReportConfig": {"executed_lines": [], "summary": {"covered_lines": 0, "num_statements": 0, "percent_covered": 100.0, "percent_covered_display": "100", "missing_lines": 0, "excluded_lines": 0, "percent_statements_covered": 100.0, "percent_statements_covered_display": "100"}, "missing_lines": [], "excluded_lines": [], "start_line": 25}, "ComplianceDashboard": {"executed_lines": [48, 52, 53, 75, 82, 86, 92, 108, 115, 116, 124, 125, 131, 134, 135, 142, 143, 144, 145, 146, 148, 150, 153, 154, 159, 160, 161, 166, 169, 174, 175, 176, 177, 179, 181, 189, 206, 211, 224, 225, 228, 236, 238, 246, 247, 248, 249, 250, 251, 252, 254, 255, 256, 258, 259, 260, 262, 266, 268, 279, 296, 317, 324, 337, 338, 339, 341, 342, 345, 348, 446, 447, 449, 472, 477, 506, 524, 530], "summary": {"covered_lines": 78, "num_statements": 110, "percent_covered": 70.9090909090909, "percent_covered_display": "71", "missing_lines": 32, "excluded_lines": 0, "percent_statements_covered": 70.9090909090909, "percent_statements_covered_display": "71"}, "missing_lines": [58, 226, 263, 264, 269, 280, 285, 286, 297, 304, 305, 340, 478, 491, 492, 500, 507, 511, 512, 513, 520, 534, 535, 536, 540, 541, 542, 543, 544, 545, 547, 548], "excluded_lines": [], "start_line": 37}, "": {"executed_lines": [12, 13, 14, 15, 16, 18, 19, 20, 25, 28, 29, 30, 31, 32, 33, 34, 37, 47, 60, 191, 326, 532, 538], "summary": {"covered_lines": 23, "num_statements": 25, "percent_covered": 92.0, "percent_covered_display": "92", "missing_lines": 2, "excluded_lines": 0, "percent_statements_covered": 92.0, "percent_statements_covered_display": "92"}, "missing_lines": [21, 22], "excluded_lines": [], "start_line": 1}}}, "src/tools/remediation_engine.py": {"executed_lines": [12, 13, 14, 17, 24, 25, 26, 27, 28, 31, 37, 38, 39, 42, 54, 96, 97, 99, 116, 117, 120, 121, 124, 125, 128, 129, 131, 132, 133, 134, 136, 139, 143, 146, 149, 152, 154, 163, 165, 167, 175, 178, 179, 191, 198, 199, 201, 217, 240, 266, 293, 334, 339, 342, 343, 345, 346, 349, 350, 352, 355, 357, 362, 373, 375, 377, 378, 380, 381, 385, 387, 388, 389, 392, 394, 396, 409, 410, 413, 422, 423, 431, 432, 435, 436, 437, 439, 440, 443, 444, 445, 447, 448, 451, 463, 468, 469, 471, 478], "summary": {"covered_lines": 99, "num_statements": 138, "percent_covered": 71.73913043478261, "percent_covered_display": "72", "missing_lines": 39, "excluded_lines": 0, "percent_statements_covered": 71.73913043478261, "percent_statements_covered_display": "72"}, "missing_lines": [122, 137, 140, 180, 181, 182, 183, 184, 185, 186, 187, 189, 224, 247, 248, 250, 273, 274, 276, 300, 301, 304, 305, 306, 307, 308, 309, 310, 311, 313, 314, 315, 317, 353, 390, 452, 457, 458, 460], "excluded_lines": [], "functions": {"RemediationEngine.__init__": {"executed_lines": [97], "summary": {"covered_lines": 1, "num_statements": 1, "percent_covered": 100.0, "percent_covered_display": "100", "missing_lines": 0, "excluded_lines": 0, "percent_statements_covered": 100.0, "percent_statements_covered_display": "100"}, "missing_lines": [], "excluded_lines": [], "start_line": 96}, "RemediationEngine.generate_plan": {"executed_lines": [116, 117, 120, 121, 124, 125, 128, 129, 131, 132, 133, 134, 136, 139, 143, 146, 149, 152, 154, 163, 165], "summary": {"covered_lines": 21, "num_statements": 24, "percent_covered": 87.5, "percent_covered_display": "88", "missing_lines": 3, "excluded_lines": 0, "percent_statements_covered": 87.5, "percent_statements_covered_display": "88"}, "missing_lines": [122, 137, 140], "excluded_lines": [], "start_line": 99}, "RemediationEngine._generate_action": {"executed_lines": [175, 178, 179], "summary": {"covered_lines": 3, "num_statements": 12, "percent_covered": 25.0, "percent_covered_display": "25", "missing_lines": 9, "excluded_lines": 0, "percent_statements_covered": 25.0, "percent_statements_covered_display": "25"}, "missing_lines": [180, 181, 182, 183, 184, 185, 186, 187, 189], "excluded_lines": [], "start_line": 167}, "RemediationEngine._generate_sca_action": {"executed_lines": [198, 199, 201], "summary": {"covered_lines": 3, "num_statements": 3, "percent_covered": 100.0, "percent_covered_display": "100", "missing_lines": 0, "excluded_lines": 0, "percent_statements_covered": 100.0, "percent_statements_covered_display": "100"}, "missing_lines": [], "excluded_lines": [], "start_line": 191}, "RemediationEngine._generate_container_action": {"executed_lines": [], "summary": {"covered_lines": 0, "num_statements": 1, "percent_covered": 0.0, "percent_covered_display": "0", "missing_lines": 1, "excluded_lines": 0, "percent_statements_covered": 0.0, "percent_statements_covered_display": "0"}, "missing_lines": [224], "excluded_lines": [], "start_line": 217}, "RemediationEngine._generate_iac_action": {"executed_lines": [], "summary": {"covered_lines": 0, "num_statements": 3, "percent_covered": 0.0, "percent_covered_display": "0", "missing_lines": 3, "excluded_lines": 0, "percent_statements_covered": 0.0, "percent_statements_covered_display": "0"}, "missing_lines": [247, 248, 250], "excluded_lines": [], "start_line": 240}, "RemediationEngine._generate_license_action": {"executed_lines": [], "summary": {"covered_lines": 0, "num_statements": 3, "percent_covered": 0.0, "percent_covered_display": "0", "missing_lines": 3, "excluded_lines": 0, "percent_statements_covered": 0.0, "percent_statements_covered_display": "0"}, "missing_lines": [273, 274, 276], "excluded_lines": [], "start_line": 266}, "RemediationEngine._generate_dast_action": {"executed_lines": [], "summary": {"covered_lines": 0, "num_statements": 14, "percent_covered": 0.0, "percent_covered_display": "0", "missing_lines": 14, "excluded_lines": 0, "percent_statements_covered": 0.0, "percent_statements_covered_display": "0"}, "missing_lines": [300, 301, 304, 305, 306, 307, 308, 309, 310, 311, 313, 314, 315, 317], "excluded_lines": [], "start_line": 293}, "RemediationEngine._calculate_dependencies": {"executed_lines": [339, 342, 343, 345, 346, 349, 350, 352, 355], "summary": {"covered_lines": 9, "num_statements": 10, "percent_covered": 90.0, "percent_covered_display": "90", "missing_lines": 1, "excluded_lines": 0, "percent_statements_covered": 90.0, "percent_statements_covered_display": "90"}, "missing_lines": [353], "excluded_lines": [], "start_line": 334}, "RemediationEngine._generate_verification_plan": {"executed_lines": [362, 373], "summary": {"covered_lines": 2, "num_statements": 2, "percent_covered": 100.0, "percent_covered_display": "100", "missing_lines": 0, "excluded_lines": 0, "percent_statements_covered": 100.0, "percent_statements_covered_display": "100"}, "missing_lines": [], "excluded_lines": [], "start_line": 357}, "RemediationEngine._estimate_total_effort": {"executed_lines": [377, 378, 380, 381, 385, 387, 388, 389, 392], "summary": {"covered_lines": 9, "num_statements": 10, "percent_covered": 90.0, "percent_covered_display": "90", "missing_lines": 1, "excluded_lines": 0, "percent_statements_covered": 90.0, "percent_statements_covered_display": "90"}, "missing_lines": [390], "excluded_lines": [], "start_line": 375}, "RemediationEngine.generate_implementation_guide": {"executed_lines": [396, 409, 410, 413, 422, 423, 431, 432, 435, 436, 437, 439, 440, 443, 444, 445, 447, 448, 451, 463, 468, 469, 471, 478], "summary": {"covered_lines": 24, "num_statements": 28, "percent_covered": 85.71428571428571, "percent_covered_display": "86", "missing_lines": 4, "excluded_lines": 0, "percent_statements_covered": 85.71428571428571, "percent_statements_covered_display": "86"}, "missing_lines": [452, 457, 458, 460], "excluded_lines": [], "start_line": 394}, "": {"executed_lines": [12, 13, 14, 17, 24, 25, 26, 27, 28, 31, 37, 38, 39, 42, 54, 96, 99, 167, 191, 217, 240, 266, 293, 334, 357, 375, 394], "summary": {"covered_lines": 27, "num_statements": 27, "percent_covered": 100.0, "percent_covered_display": "100", "missing_lines": 0, "excluded_lines": 0, "percent_statements_covered": 100.0, "percent_statements_covered_display": "100"}, "missing_lines": [], "excluded_lines": [], "start_line": 1}}, "classes": {"RemediationAction": {"executed_lines": [], "summary": {"covered_lines": 0, "num_statements": 0, "percent_covered": 100.0, "percent_covered_display": "100", "missing_lines": 0, "excluded_lines": 0, "percent_statements_covered": 100.0, "percent_statements_covered_display": "100"}, "missing_lines": [], "excluded_lines": [], "start_line": 17}, "RemediationPlan": {"executed_lines": [], "summary": {"covered_lines": 0, "num_statements": 0, "percent_covered": 100.0, "percent_covered_display": "100", "missing_lines": 0, "excluded_lines": 0, "percent_statements_covered": 100.0, "percent_statements_covered_display": "100"}, "missing_lines": [], "excluded_lines": [], "start_line": 31}, "RemediationEngine": {"executed_lines": [97, 116, 117, 120, 121, 124, 125, 128, 129, 131, 132, 133, 134, 136, 139, 143, 146, 149, 152, 154, 163, 165, 175, 178, 179, 198, 199, 201, 339, 342, 343, 345, 346, 349, 350, 352, 355, 362, 373, 377, 378, 380, 381, 385, 387, 388, 389, 392, 396, 409, 410, 413, 422, 423, 431, 432, 435, 436, 437, 439, 440, 443, 444, 445, 447, 448, 451, 463, 468, 469, 471, 478], "summary": {"covered_lines": 72, "num_statements": 111, "percent_covered": 64.86486486486487, "percent_covered_display": "65", "missing_lines": 39, "excluded_lines": 0, "percent_statements_covered": 64.86486486486487, "percent_statements_covered_display": "65"}, "missing_lines": [122, 137, 140, 180, 181, 182, 183, 184, 185, 186, 187, 189, 224, 247, 248, 250, 273, 274, 276, 300, 301, 304, 305, 306, 307, 308, 309, 310, 311, 313, 314, 315, 317, 353, 390, 452, 457, 458, 460], "excluded_lines": [], "start_line": 42}, "": {"executed_lines": [12, 13, 14, 17, 24, 25, 26, 27, 28, 31, 37, 38, 39, 42, 54, 96, 99, 167, 191, 217, 240, 266, 293, 334, 357, 375, 394], "summary": {"covered_lines": 27, "num_statements": 27, "percent_covered": 100.0, "percent_covered_display": "100", "missing_lines": 0, "excluded_lines": 0, "percent_statements_covered": 100.0, "percent_statements_covered_display": "100"}, "missing_lines": [], "excluded_lines": [], "start_line": 1}}}, "src/tools/report_generator.py": {"executed_lines": [], "summary": {"covered_lines": 0, "num_statements": 146, "percent_covered": 0.0, "percent_covered_display": "0", "missing_lines": 146, "excluded_lines": 0, "percent_statements_covered": 0.0, "percent_statements_covered_display": "0"}, "missing_lines": [8, 9, 12, 15, 21, 23, 33, 34, 35, 37, 38, 40, 42, 53, 54, 55, 59, 61, 62, 64, 66, 68, 70, 93, 94, 96, 97, 98, 99, 101, 102, 103, 105, 106, 107, 108, 110, 111, 112, 113, 114, 115, 117, 118, 119, 120, 121, 123, 125, 127, 129, 131, 148, 149, 150, 151, 152, 153, 154, 155, 156, 157, 159, 161, 162, 163, 164, 165, 166, 167, 168, 169, 170, 171, 172, 173, 175, 177, 178, 179, 180, 181, 182, 183, 184, 185, 186, 187, 188, 190, 192, 193, 194, 195, 196, 197, 198, 199, 200, 202, 204, 205, 206, 207, 208, 209, 210, 211, 212, 214, 216, 218, 220, 222, 224, 259, 260, 261, 272, 277, 278, 279, 281, 286, 287, 289, 295, 297, 299, 301, 329, 331, 333, 335, 336, 337, 338, 339, 341, 359, 360, 361, 363, 364, 365, 367], "excluded_lines": [], "functions": {"ReportGenerator.__init__": {"executed_lines": [], "summary": {"covered_lines": 0, "num_statements": 1, "percent_covered": 0.0, "percent_covered_display": "0", "missing_lines": 1, "excluded_lines": 0, "percent_statements_covered": 0.0, "percent_statements_covered_display": "0"}, "missing_lines": [21], "excluded_lines": [], "start_line": 15}, "ReportGenerator.generate_executive_report": {"executed_lines": [], "summary": {"covered_lines": 0, "num_statements": 6, "percent_covered": 0.0, "percent_covered_display": "0", "missing_lines": 6, "excluded_lines": 0, "percent_statements_covered": 0.0, "percent_statements_covered_display": "0"}, "missing_lines": [33, 34, 35, 37, 38, 40], "excluded_lines": [], "start_line": 23}, "ReportGenerator.generate_technical_report": {"executed_lines": [], "summary": {"covered_lines": 0, "num_statements": 7, "percent_covered": 0.0, "percent_covered_display": "0", "missing_lines": 7, "excluded_lines": 0, "percent_statements_covered": 0.0, "percent_statements_covered_display": "0"}, "missing_lines": [53, 54, 55, 59, 61, 62, 64], "excluded_lines": [], "start_line": 42}, "ReportGenerator._generate_markdown_executive_report": {"executed_lines": [], "summary": {"covered_lines": 0, "num_statements": 28, "percent_covered": 0.0, "percent_covered_display": "0", "missing_lines": 28, "excluded_lines": 0, "percent_statements_covered": 0.0, "percent_statements_covered_display": "0"}, "missing_lines": [68, 70, 93, 94, 96, 97, 98, 99, 101, 102, 103, 105, 106, 107, 108, 110, 111, 112, 113, 114, 115, 117, 118, 119, 120, 121, 123, 125], "excluded_lines": [], "start_line": 66}, "ReportGenerator._generate_markdown_technical_report": {"executed_lines": [], "summary": {"covered_lines": 0, "num_statements": 62, "percent_covered": 0.0, "percent_covered_display": "0", "missing_lines": 62, "excluded_lines": 0, "percent_statements_covered": 0.0, "percent_statements_covered_display": "0"}, "missing_lines": [129, 131, 148, 149, 150, 151, 152, 153, 154, 155, 156, 157, 159, 161, 162, 163, 164, 165, 166, 167, 168, 169, 170, 171, 172, 173, 175, 177, 178, 179, 180, 181, 182, 183, 184, 185, 186, 187, 188, 190, 192, 193, 194, 195, 196, 197, 198, 199, 200, 202, 204, 205, 206, 207, 208, 209, 210, 211, 212, 214, 216, 218], "excluded_lines": [], "start_line": 127}, "ReportGenerator._generate_html_executive_report": {"executed_lines": [], "summary": {"covered_lines": 0, "num_statements": 14, "percent_covered": 0.0, "percent_covered_display": "0", "missing_lines": 14, "excluded_lines": 0, "percent_statements_covered": 0.0, "percent_statements_covered_display": "0"}, "missing_lines": [222, 224, 259, 260, 261, 272, 277, 278, 279, 281, 286, 287, 289, 295], "excluded_lines": [], "start_line": 220}, "ReportGenerator._generate_html_technical_report": {"executed_lines": [], "summary": {"covered_lines": 0, "num_statements": 3, "percent_covered": 0.0, "percent_covered_display": "0", "missing_lines": 3, "excluded_lines": 0, "percent_statements_covered": 0.0, "percent_statements_covered_display": "0"}, "missing_lines": [299, 301, 329], "excluded_lines": [], "start_line": 297}, "ReportGenerator.generate_executive_summary": {"executed_lines": [], "summary": {"covered_lines": 0, "num_statements": 14, "percent_covered": 0.0, "percent_covered_display": "0", "missing_lines": 14, "excluded_lines": 0, "percent_statements_covered": 0.0, "percent_statements_covered_display": "0"}, "missing_lines": [333, 335, 336, 337, 338, 339, 341, 359, 360, 361, 363, 364, 365, 367], "excluded_lines": [], "start_line": 331}, "": {"executed_lines": [], "summary": {"covered_lines": 0, "num_statements": 11, "percent_covered": 0.0, "percent_covered_display": "0", "missing_lines": 11, "excluded_lines": 0, "percent_statements_covered": 0.0, "percent_statements_covered_display": "0"}, "missing_lines": [8, 9, 12, 15, 23, 42, 66, 127, 220, 297, 331], "excluded_lines": [], "start_line": 1}}, "classes": {"ReportGenerator": {"executed_lines": [], "summary": {"covered_lines": 0, "num_statements": 135, "percent_covered": 0.0, "percent_covered_display": "0", "missing_lines": 135, "excluded_lines": 0, "percent_statements_covered": 0.0, "percent_statements_covered_display": "0"}, "missing_lines": [21, 33, 34, 35, 37, 38, 40, 53, 54, 55, 59, 61, 62, 64, 68, 70, 93, 94, 96, 97, 98, 99, 101, 102, 103, 105, 106, 107, 108, 110, 111, 112, 113, 114, 115, 117, 118, 119, 120, 121, 123, 125, 129, 131, 148, 149, 150, 151, 152, 153, 154, 155, 156, 157, 159, 161, 162, 163, 164, 165, 166, 167, 168, 169, 170, 171, 172, 173, 175, 177, 178, 179, 180, 181, 182, 183, 184, 185, 186, 187, 188, 190, 192, 193, 194, 195, 196, 197, 198, 199, 200, 202, 204, 205, 206, 207, 208, 209, 210, 211, 212, 214, 216, 218, 222, 224, 259, 260, 261, 272, 277, 278, 279, 281, 286, 287, 289, 295, 299, 301, 329, 333, 335, 336, 337, 338, 339, 341, 359, 360, 361, 363, 364, 365, 367], "excluded_lines": [], "start_line": 12}, "": {"executed_lines": [], "summary": {"covered_lines": 0, "num_statements": 11, "percent_covered": 0.0, "percent_covered_display": "0", "missing_lines": 11, "excluded_lines": 0, "percent_statements_covered": 0.0, "percent_statements_covered_display": "0"}, "missing_lines": [8, 9, 12, 15, 23, 42, 66, 127, 220, 297, 331], "excluded_lines": [], "start_line": 1}}}, "tests/__init__.py": {"executed_lines": [], "summary": {"covered_lines": 0, "num_statements": 0, "percent_covered": 100.0, "percent_covered_display": "100", "missing_lines": 0, "excluded_lines": 0, "percent_statements_covered": 100.0, "percent_statements_covered_display": "100"}, "missing_lines": [], "excluded_lines": [], "functions": {"": {"executed_lines": [], "summary": {"covered_lines": 0, "num_statements": 0, "percent_covered": 100.0, "percent_covered_display": "100", "missing_lines": 0, "excluded_lines": 0, "percent_statements_covered": 100.0, "percent_statements_covered_display": "100"}, "missing_lines": [], "excluded_lines": [], "start_line": 1}}, "classes": {"": {"executed_lines": [], "summary": {"covered_lines": 0, "num_statements": 0, "percent_covered": 100.0, "percent_covered_display": "100", "missing_lines": 0, "excluded_lines": 0, "percent_statements_covered": 100.0, "percent_statements_covered_display": "100"}, "missing_lines": [], "excluded_lines": [], "start_line": 1}}}, "tests/test_bundle_scanner.py": {"executed_lines": [3, 4, 6, 8, 11, 13, 14, 15, 16, 17, 20, 22, 24, 25, 26, 27, 28, 30, 31, 32, 33, 34, 36, 39, 41, 43, 44, 45, 46, 47, 49, 50, 51, 53, 56, 58, 60, 67, 68, 70, 73, 75, 77, 85, 87, 89, 92, 94, 96, 104, 105, 107, 110, 112, 115, 119, 122, 126, 129, 133, 135, 138, 140, 142, 153, 155, 156, 157, 158, 160, 163, 165, 167, 175, 177, 178, 179, 180, 182, 185, 187, 189, 190, 195, 196, 197, 199, 202, 204, 215, 216, 217, 220], "summary": {"covered_lines": 93, "num_statements": 94, "percent_covered": 98.93617021276596, "percent_covered_display": "99", "missing_lines": 1, "excluded_lines": 0, "percent_statements_covered": 98.93617021276596, "percent_statements_covered_display": "99"}, "missing_lines": [221], "excluded_lines": [], "functions": {"test_bundle_scanner_init": {"executed_lines": [13, 14, 15, 16, 17], "summary": {"covered_lines": 5, "num_statements": 5, "percent_covered": 100.0, "percent_covered_display": "100", "missing_lines": 0, "excluded_lines": 0, "percent_statements_covered": 100.0, "percent_statements_covered_display": "100"}, "missing_lines": [], "excluded_lines": [], "start_line": 11}, "test_tools_definition": {"executed_lines": [22, 24, 25, 26, 27, 28, 30, 31, 32, 33, 34, 36], "summary": {"covered_lines": 12, "num_statements": 12, "percent_covered": 100.0, "percent_covered_display": "100", "missing_lines": 0, "excluded_lines": 0, "percent_statements_covered": 100.0, "percent_statements_covered_display": "100"}, "missing_lines": [], "excluded_lines": [], "start_line": 20}, "test_compliance_frameworks": {"executed_lines": [41, 43, 44, 45, 46, 47, 49, 50, 51, 53], "summary": {"covered_lines": 10, "num_statements": 10, "percent_covered": 100.0, "percent_covered_display": "100", "missing_lines": 0, "excluded_lines": 0, "percent_statements_covered": 100.0, "percent_statements_covered_display": "100"}, "missing_lines": [], "excluded_lines": [], "start_line": 39}, "test_calculate_overall_score_passed": {"executed_lines": [58, 60, 67, 68, 70], "summary": {"covered_lines": 5, "num_statements": 5, "percent_covered": 100.0, "percent_covered_display": "100", "missing_lines": 0, "excluded_lines": 0, "percent_statements_covered": 100.0, "percent_statements_covered_display": "100"}, "missing_lines": [], "excluded_lines": [], "start_line": 56}, "test_calculate_overall_score_warning": {"executed_lines": [75, 77, 85, 87, 89], "summary": {"covered_lines": 5, "num_statements": 5, "percent_covered": 100.0, "percent_covered_display": "100", "missing_lines": 0, "excluded_lines": 0, "percent_statements_covered": 100.0, "percent_statements_covered_display": "100"}, "missing_lines": [], "excluded_lines": [], "start_line": 73}, "test_calculate_overall_score_failed": {"executed_lines": [94, 96, 104, 105, 107], "summary": {"covered_lines": 5, "num_statements": 5, "percent_covered": 100.0, "percent_covered_display": "100", "missing_lines": 0, "excluded_lines": 0, "percent_statements_covered": 100.0, "percent_statements_covered_display": "100"}, "missing_lines": [], "excluded_lines": [], "start_line": 92}, "test_determine_overall_status": {"executed_lines": [112, 115, 119, 122, 126, 129, 133, 135], "summary": {"covered_lines": 8, "num_statements": 8, "percent_covered": 100.0, "percent_covered_display": "100", "missing_lines": 0, "excluded_lines": 0, "percent_statements_covered": 100.0, "percent_statements_covered_display": "100"}, "missing_lines": [], "excluded_lines": [], "start_line": 110}, "test_generate_top_fixes": {"executed_lines": [140, 142, 153, 155, 156, 157, 158, 160], "summary": {"covered_lines": 8, "num_statements": 8, "percent_covered": 100.0, "percent_covered_display": "100", "missing_lines": 0, "excluded_lines": 0, "percent_statements_covered": 100.0, "percent_statements_covered_display": "100"}, "missing_lines": [], "excluded_lines": [], "start_line": 138}, "test_calculate_compliance_scores": {"executed_lines": [165, 167, 175, 177, 178, 179, 180, 182], "summary": {"covered_lines": 8, "num_statements": 8, "percent_covered": 100.0, "percent_covered_display": "100", "missing_lines": 0, "excluded_lines": 0, "percent_statements_covered": 100.0, "percent_statements_covered_display": "100"}, "missing_lines": [], "excluded_lines": [], "start_line": 163}, "test_full_scan_skip_tools": {"executed_lines": [187, 189, 190, 195, 196, 197, 199], "summary": {"covered_lines": 7, "num_statements": 7, "percent_covered": 100.0, "percent_covered_display": "100", "missing_lines": 0, "excluded_lines": 0, "percent_statements_covered": 100.0, "percent_statements_covered_display": "100"}, "missing_lines": [], "excluded_lines": [], "start_line": 185}, "test_bundle_scan_result_model": {"executed_lines": [204, 215, 216, 217], "summary": {"covered_lines": 4, "num_statements": 4, "percent_covered": 100.0, "percent_covered_display": "100", "missing_lines": 0, "excluded_lines": 0, "percent_statements_covered": 100.0, "percent_statements_covered_display": "100"}, "missing_lines": [], "excluded_lines": [], "start_line": 202}, "": {"executed_lines": [3, 4, 6, 8, 11, 20, 39, 56, 73, 92, 110, 138, 163, 185, 202, 220], "summary": {"covered_lines": 16, "num_statements": 17, "percent_covered": 94.11764705882354, "percent_covered_display": "94", "missing_lines": 1, "excluded_lines": 0, "percent_statements_covered": 94.11764705882354, "percent_statements_covered_display": "94"}, "missing_lines": [221], "excluded_lines": [], "start_line": 1}}, "classes": {"": {"executed_lines": [3, 4, 6, 8, 11, 13, 14, 15, 16, 17, 20, 22, 24, 25, 26, 27, 28, 30, 31, 32, 33, 34, 36, 39, 41, 43, 44, 45, 46, 47, 49, 50, 51, 53, 56, 58, 60, 67, 68, 70, 73, 75, 77, 85, 87, 89, 92, 94, 96, 104, 105, 107, 110, 112, 115, 119, 122, 126, 129, 133, 135, 138, 140, 142, 153, 155, 156, 157, 158, 160, 163, 165, 167, 175, 177, 178, 179, 180, 182, 185, 187, 189, 190, 195, 196, 197, 199, 202, 204, 215, 216, 217, 220], "summary": {"covered_lines": 93, "num_statements": 94, "percent_covered": 98.93617021276596, "percent_covered_display": "99", "missing_lines": 1, "excluded_lines": 0, "percent_statements_covered": 98.93617021276596, "percent_statements_covered_display": "99"}, "missing_lines": [221], "excluded_lines": [], "start_line": 1}}}, "tests/test_compliance_dashboard.py": {"executed_lines": [3, 5, 6, 9, 11, 12, 15, 17, 25, 26, 27, 30, 32, 34, 64, 66, 67, 68, 69, 70, 73, 75, 77, 98, 100, 101, 102, 103, 106, 108, 110, 128, 130, 131, 132, 133, 136, 138, 141, 145, 146, 149, 153, 154, 157, 161, 162, 165], "summary": {"covered_lines": 48, "num_statements": 49, "percent_covered": 97.95918367346938, "percent_covered_display": "98", "missing_lines": 1, "excluded_lines": 0, "percent_statements_covered": 97.95918367346938, "percent_statements_covered_display": "98"}, "missing_lines": [166], "excluded_lines": [], "functions": {"test_compliance_dashboard_init": {"executed_lines": [11, 12], "summary": {"covered_lines": 2, "num_statements": 2, "percent_covered": 100.0, "percent_covered_display": "100", "missing_lines": 0, "excluded_lines": 0, "percent_statements_covered": 100.0, "percent_statements_covered_display": "100"}, "missing_lines": [], "excluded_lines": [], "start_line": 9}, "test_report_config_model": {"executed_lines": [17, 25, 26, 27], "summary": {"covered_lines": 4, "num_statements": 4, "percent_covered": 100.0, "percent_covered_display": "100", "missing_lines": 0, "excluded_lines": 0, "percent_statements_covered": 100.0, "percent_statements_covered_display": "100"}, "missing_lines": [], "excluded_lines": [], "start_line": 15}, "test_generate_executive_summary": {"executed_lines": [32, 34, 64, 66, 67, 68, 69, 70], "summary": {"covered_lines": 8, "num_statements": 8, "percent_covered": 100.0, "percent_covered_display": "100", "missing_lines": 0, "excluded_lines": 0, "percent_statements_covered": 100.0, "percent_statements_covered_display": "100"}, "missing_lines": [], "excluded_lines": [], "start_line": 30}, "test_generate_technical_report": {"executed_lines": [75, 77, 98, 100, 101, 102, 103], "summary": {"covered_lines": 7, "num_statements": 7, "percent_covered": 100.0, "percent_covered_display": "100", "missing_lines": 0, "excluded_lines": 0, "percent_statements_covered": 100.0, "percent_statements_covered_display": "100"}, "missing_lines": [], "excluded_lines": [], "start_line": 73}, "test_generate_html_dashboard": {"executed_lines": [108, 110, 128, 130, 131, 132, 133], "summary": {"covered_lines": 7, "num_statements": 7, "percent_covered": 100.0, "percent_covered_display": "100", "missing_lines": 0, "excluded_lines": 0, "percent_statements_covered": 100.0, "percent_statements_covered_display": "100"}, "missing_lines": [], "excluded_lines": [], "start_line": 106}, "test_score_emoji_logic": {"executed_lines": [138, 141, 145, 146, 149, 153, 154, 157, 161, 162], "summary": {"covered_lines": 10, "num_statements": 10, "percent_covered": 100.0, "percent_covered_display": "100", "missing_lines": 0, "excluded_lines": 0, "percent_statements_covered": 100.0, "percent_statements_covered_display": "100"}, "missing_lines": [], "excluded_lines": [], "start_line": 136}, "": {"executed_lines": [3, 5, 6, 9, 15, 30, 73, 106, 136, 165], "summary": {"covered_lines": 10, "num_statements": 11, "percent_covered": 90.9090909090909, "percent_covered_display": "91", "missing_lines": 1, "excluded_lines": 0, "percent_statements_covered": 90.9090909090909, "percent_statements_covered_display": "91"}, "missing_lines": [166], "excluded_lines": [], "start_line": 1}}, "classes": {"": {"executed_lines": [3, 5, 6, 9, 11, 12, 15, 17, 25, 26, 27, 30, 32, 34, 64, 66, 67, 68, 69, 70, 73, 75, 77, 98, 100, 101, 102, 103, 106, 108, 110, 128, 130, 131, 132, 133, 136, 138, 141, 145, 146, 149, 153, 154, 157, 161, 162, 165], "summary": {"covered_lines": 48, "num_statements": 49, "percent_covered": 97.95918367346938, "percent_covered_display": "98", "missing_lines": 1, "excluded_lines": 0, "percent_statements_covered": 97.95918367346938, "percent_statements_covered_display": "98"}, "missing_lines": [166], "excluded_lines": [], "start_line": 1}}}, "tests/test_remediation_engine.py": {"executed_lines": [3, 5, 6, 13, 15, 16, 17, 20, 22, 34, 35, 36, 39, 41, 43, 64, 66, 67, 68, 69, 72, 74, 76, 99, 100, 101, 104, 105, 108, 110, 112, 123, 124, 125, 126, 129, 131, 134, 140, 143, 149, 152, 155, 157, 159, 180, 182, 183, 184, 185, 188], "summary": {"covered_lines": 51, "num_statements": 52, "percent_covered": 98.07692307692308, "percent_covered_display": "98", "missing_lines": 1, "excluded_lines": 0, "percent_statements_covered": 98.07692307692308, "percent_statements_covered_display": "98"}, "missing_lines": [189], "excluded_lines": [], "functions": {"test_remediation_engine_init": {"executed_lines": [15, 16, 17], "summary": {"covered_lines": 3, "num_statements": 3, "percent_covered": 100.0, "percent_covered_display": "100", "missing_lines": 0, "excluded_lines": 0, "percent_statements_covered": 100.0, "percent_statements_covered_display": "100"}, "missing_lines": [], "excluded_lines": [], "start_line": 13}, "test_remediation_action_model": {"executed_lines": [22, 34, 35, 36], "summary": {"covered_lines": 4, "num_statements": 4, "percent_covered": 100.0, "percent_covered_display": "100", "missing_lines": 0, "excluded_lines": 0, "percent_statements_covered": 100.0, "percent_statements_covered_display": "100"}, "missing_lines": [], "excluded_lines": [], "start_line": 20}, "test_generate_plan": {"executed_lines": [41, 43, 64, 66, 67, 68, 69], "summary": {"covered_lines": 7, "num_statements": 7, "percent_covered": 100.0, "percent_covered_display": "100", "missing_lines": 0, "excluded_lines": 0, "percent_statements_covered": 100.0, "percent_statements_covered_display": "100"}, "missing_lines": [], "excluded_lines": [], "start_line": 39}, "test_generate_plan_focus_areas": {"executed_lines": [74, 76, 99, 100, 101, 104, 105], "summary": {"covered_lines": 7, "num_statements": 7, "percent_covered": 100.0, "percent_covered_display": "100", "missing_lines": 0, "excluded_lines": 0, "percent_statements_covered": 100.0, "percent_statements_covered_display": "100"}, "missing_lines": [], "excluded_lines": [], "start_line": 72}, "test_calculate_dependencies": {"executed_lines": [110, 112, 123, 124, 125, 126], "summary": {"covered_lines": 6, "num_statements": 6, "percent_covered": 100.0, "percent_covered_display": "100", "missing_lines": 0, "excluded_lines": 0, "percent_statements_covered": 100.0, "percent_statements_covered_display": "100"}, "missing_lines": [], "excluded_lines": [], "start_line": 108}, "test_estimate_total_effort": {"executed_lines": [131, 134, 140, 143, 149, 152], "summary": {"covered_lines": 6, "num_statements": 6, "percent_covered": 100.0, "percent_covered_display": "100", "missing_lines": 0, "excluded_lines": 0, "percent_statements_covered": 100.0, "percent_statements_covered_display": "100"}, "missing_lines": [], "excluded_lines": [], "start_line": 129}, "test_generate_implementation_guide": {"executed_lines": [157, 159, 180, 182, 183, 184, 185], "summary": {"covered_lines": 7, "num_statements": 7, "percent_covered": 100.0, "percent_covered_display": "100", "missing_lines": 0, "excluded_lines": 0, "percent_statements_covered": 100.0, "percent_statements_covered_display": "100"}, "missing_lines": [], "excluded_lines": [], "start_line": 155}, "": {"executed_lines": [3, 5, 6, 13, 20, 39, 72, 108, 129, 155, 188], "summary": {"covered_lines": 11, "num_statements": 12, "percent_covered": 91.66666666666667, "percent_covered_display": "92", "missing_lines": 1, "excluded_lines": 0, "percent_statements_covered": 91.66666666666667, "percent_statements_covered_display": "92"}, "missing_lines": [189], "excluded_lines": [], "start_line": 1}}, "classes": {"": {"executed_lines": [3, 5, 6, 13, 15, 16, 17, 20, 22, 34, 35, 36, 39, 41, 43, 64, 66, 67, 68, 69, 72, 74, 76, 99, 100, 101, 104, 105, 108, 110, 112, 123, 124, 125, 126, 129, 131, 134, 140, 143, 149, 152, 155, 157, 159, 180, 182, 183, 184, 185, 188], "summary": {"covered_lines": 51, "num_statements": 52, "percent_covered": 98.07692307692308, "percent_covered_display": "98", "missing_lines": 1, "excluded_lines": 0, "percent_statements_covered": 98.07692307692308, "percent_statements_covered_display": "98"}, "missing_lines": [189], "excluded_lines": [], "start_line": 1}}}}, "totals": {"covered_lines": 526, "num_statements": 1081, "percent_covered": 48.6586493987049, "percent_covered_display": "49", "missing_lines": 555, "excluded_lines": 0, "percent_statements_covered": 48.6586493987049, "percent_statements_covered_display": "49"}}